<?xml version="1.0" encoding="UTF-8"?>
<!-- Generated by org.testng.reporters.JUnitXMLReporter -->
<testsuite hostname="DESKTOP-OKJ6GLG" name="googleTest_02" tests="1" failures="1" timestamp="27 Sep 2020 17:27:02 GMT" time="15.638" errors="0">
  <testcase name="VerifyGoogleAllApps" time="15.625" classname="google_dd_tests.googleTest_02">
    <failure type="java.lang.AssertionError" message="expected [true] but found [false] expected [true] but found [false]">
      <![CDATA[java.lang.AssertionError: expected [true] but found [false] expected [true] but found [false]
	at google_dd_tests.googleTest_02.VerifyGoogleAllApps(googleTest_02.java:114)
... Removed 28 stack frames]]>
    </failure>
  </testcase> <!-- VerifyGoogleAllApps -->
</testsuite> <!-- googleTest_02 -->
